<?xml version="1.0" encoding="UTF-8"?>
<testsuites name="jest tests" tests="20" failures="0" errors="0" time="2.248">
  <testsuite name="🎯 Tests para Líneas Sin Cobertura" errors="0" failures="0" skipped="0" timestamp="2025-10-25T17:26:43" time="2.215" tests="20">
    <testcase classname="🎯 Tests para Líneas Sin Cobertura GET /api/products/:id - Líneas 230-236 ✅ Debe obtener producto por ID (línea 230-236)" name="🎯 Tests para Líneas Sin Cobertura GET /api/products/:id - Líneas 230-236 ✅ Debe obtener producto por ID (línea 230-236)" time="0.141">
    </testcase>
    <testcase classname="🎯 Tests para Líneas Sin Cobertura GET /api/products/:id - Líneas 230-236 ❌ Debe retornar 404 (línea 232-233)" name="🎯 Tests para Líneas Sin Cobertura GET /api/products/:id - Líneas 230-236 ❌ Debe retornar 404 (línea 232-233)" time="0.053">
    </testcase>
    <testcase classname="🎯 Tests para Líneas Sin Cobertura PUT /api/products/:id - Líneas 283-321 ✅ Debe actualizar producto (líneas 291-321)" name="🎯 Tests para Líneas Sin Cobertura PUT /api/products/:id - Líneas 283-321 ✅ Debe actualizar producto (líneas 291-321)" time="0.116">
    </testcase>
    <testcase classname="🎯 Tests para Líneas Sin Cobertura PUT /api/products/:id - Líneas 283-321 ❌ Debe rechazar ID inválido (línea 286-287)" name="🎯 Tests para Líneas Sin Cobertura PUT /api/products/:id - Líneas 283-321 ❌ Debe rechazar ID inválido (línea 286-287)" time="0.008">
    </testcase>
    <testcase classname="🎯 Tests para Líneas Sin Cobertura PUT /api/products/:id - Líneas 283-321 ❌ Debe retornar 404 si no existe (línea 313-314)" name="🎯 Tests para Líneas Sin Cobertura PUT /api/products/:id - Líneas 283-321 ❌ Debe retornar 404 si no existe (línea 313-314)" time="0.055">
    </testcase>
    <testcase classname="🎯 Tests para Líneas Sin Cobertura PUT /api/products/:id - Líneas 283-321 ❌ Debe validar precio negativo (línea 295-299)" name="🎯 Tests para Líneas Sin Cobertura PUT /api/products/:id - Líneas 283-321 ❌ Debe validar precio negativo (línea 295-299)" time="0.063">
    </testcase>
    <testcase classname="🎯 Tests para Líneas Sin Cobertura DELETE /api/products/:id - Líneas 337-346 ✅ Debe eliminar producto (líneas 337-346)" name="🎯 Tests para Líneas Sin Cobertura DELETE /api/products/:id - Líneas 337-346 ✅ Debe eliminar producto (líneas 337-346)" time="0.114">
    </testcase>
    <testcase classname="🎯 Tests para Líneas Sin Cobertura DELETE /api/products/:id - Líneas 337-346 ❌ Debe rechazar ID inválido (línea 333-334)" name="🎯 Tests para Líneas Sin Cobertura DELETE /api/products/:id - Líneas 337-346 ❌ Debe rechazar ID inválido (línea 333-334)" time="0.011">
    </testcase>
    <testcase classname="🎯 Tests para Líneas Sin Cobertura DELETE /api/products/:id - Líneas 337-346 ❌ Debe retornar 404 si no existe (línea 339-340)" name="🎯 Tests para Líneas Sin Cobertura DELETE /api/products/:id - Líneas 337-346 ❌ Debe retornar 404 si no existe (línea 339-340)" time="0.054">
    </testcase>
    <testcase classname="🎯 Tests para Líneas Sin Cobertura CORS - Líneas 185-186 ✅ Debe permitir origen válido (línea 182-183)" name="🎯 Tests para Líneas Sin Cobertura CORS - Líneas 185-186 ✅ Debe permitir origen válido (línea 182-183)" time="0.012">
    </testcase>
    <testcase classname="🎯 Tests para Líneas Sin Cobertura CORS - Líneas 185-186 ✅ Debe permitir request sin origin (línea 181)" name="🎯 Tests para Líneas Sin Cobertura CORS - Líneas 185-186 ✅ Debe permitir request sin origin (línea 181)" time="0.003">
    </testcase>
    <testcase classname="🎯 Tests para Líneas Sin Cobertura POST - Líneas 259-274 ✅ Debe crear producto con todos los campos (línea 259-274)" name="🎯 Tests para Líneas Sin Cobertura POST - Líneas 259-274 ✅ Debe crear producto con todos los campos (línea 259-274)" time="0.053">
    </testcase>
    <testcase classname="🎯 Tests para Líneas Sin Cobertura POST - Líneas 259-274 ✅ Debe usar valores por defecto (línea 261-267)" name="🎯 Tests para Líneas Sin Cobertura POST - Líneas 259-274 ✅ Debe usar valores por defecto (línea 261-267)" time="0.056">
    </testcase>
    <testcase classname="🎯 Tests para Líneas Sin Cobertura GET /api/stats - Líneas 355-374 ✅ Debe calcular estadísticas con productos (líneas 356-374)" name="🎯 Tests para Líneas Sin Cobertura GET /api/stats - Líneas 355-374 ✅ Debe calcular estadísticas con productos (líneas 356-374)" time="0.22">
    </testcase>
    <testcase classname="🎯 Tests para Líneas Sin Cobertura GET /api/stats - Líneas 355-374 ✅ Debe manejar caso sin productos (línea 361)" name="🎯 Tests para Líneas Sin Cobertura GET /api/stats - Líneas 355-374 ✅ Debe manejar caso sin productos (línea 361)" time="0.066">
    </testcase>
    <testcase classname="🎯 Tests para Líneas Sin Cobertura GET /api/stats - Líneas 355-374 ✅ Debe calcular popularOrigin correctamente (líneas 363-368)" name="🎯 Tests para Líneas Sin Cobertura GET /api/stats - Líneas 355-374 ✅ Debe calcular popularOrigin correctamente (líneas 363-368)" time="0.061">
    </testcase>
    <testcase classname="🎯 Tests para Líneas Sin Cobertura Validaciones adicionales ❌ Debe validar rating NaN en actualización" name="🎯 Tests para Líneas Sin Cobertura Validaciones adicionales ❌ Debe validar rating NaN en actualización" time="0.063">
    </testcase>
    <testcase classname="🎯 Tests para Líneas Sin Cobertura Validaciones adicionales ❌ Debe validar rating &lt; 0 en actualización" name="🎯 Tests para Líneas Sin Cobertura Validaciones adicionales ❌ Debe validar rating &lt; 0 en actualización" time="0.064">
    </testcase>
    <testcase classname="🎯 Tests para Líneas Sin Cobertura Validaciones adicionales ❌ Debe validar rating &gt; 5 en actualización" name="🎯 Tests para Líneas Sin Cobertura Validaciones adicionales ❌ Debe validar rating &gt; 5 en actualización" time="0.059">
    </testcase>
    <testcase classname="🎯 Tests para Líneas Sin Cobertura Validaciones adicionales ❌ Debe validar precio muy alto en actualización" name="🎯 Tests para Líneas Sin Cobertura Validaciones adicionales ❌ Debe validar precio muy alto en actualización" time="0.06">
    </testcase>
  </testsuite>
</testsuites>